2024-03-18 13:5019: INFO: grey_lit_search.google: Found 18 results, processing now
2024-03-18 13:5019: INFO: grey_lit_search.utils: attempting to download 20240318_175018/000/Z-56-22%20Staff%20Report.pdf
2024-03-18 13:5024: INFO: grey_lit_search.utils:     20240318_175018/000/Z-56-22%20Staff%20Report.pdf saved
2024-03-18 13:5024: INFO: grey_lit_search.utils: attempting to download 20240318_175018/001/Safety%20Compass%20Summer%202023%20Volume%2017%2C%20Issue%202.pdf
2024-03-18 13:5025: INFO: grey_lit_search.utils:     20240318_175018/001/Safety%20Compass%20Summer%202023%20Volume%2017%2C%20Issue%202.pdf saved
2024-03-18 13:5025: INFO: grey_lit_search.utils: attempting to download 20240318_175018/002/Staff%20Report%20PHO-1-23--Z-9-19.pdf
2024-03-18 13:5111: INFO: grey_lit_search.utils:     20240318_175018/002/Staff%20Report%20PHO-1-23--Z-9-19.pdf saved
2024-03-18 13:5111: INFO: grey_lit_search.utils: attempting to download 20240318_175018/003/RFP-2023-342-SS4A-Safety-Action-Plan.pdf
2024-03-18 13:5111: INFO: grey_lit_search.utils:     20240318_175018/003/RFP-2023-342-SS4A-Safety-Action-Plan.pdf saved
2024-03-18 13:5111: INFO: grey_lit_search.utils: attempting to download 20240318_175018/004/Tribal-Transit-Symposium-Day-1-Presentations.pdf
2024-03-18 13:5114: INFO: grey_lit_search.utils:     20240318_175018/004/Tribal-Transit-Symposium-Day-1-Presentations.pdf saved
2024-03-18 13:5114: INFO: grey_lit_search.utils: attempting to download 20240318_175018/005/TPPB-Meeting-Packet-2023.07.19.pdf
2024-03-18 13:5115: INFO: grey_lit_search.utils:     20240318_175018/005/TPPB-Meeting-Packet-2023.07.19.pdf saved
2024-03-18 13:5115: INFO: grey_lit_search.utils: saving link to 20240318_175018/006/website_link.txt
2024-03-18 13:5115: INFO: grey_lit_search.utils: attempting to download 20240318_175018/007/SFCTA_Board_Prop%20L%205YPP%20Round%203%20-%20Safer%20and%20Complete%20Streets%20ENCLOSURE_2023-11-28%20Compressed.pdf
2024-03-18 13:5123: INFO: grey_lit_search.utils:     20240318_175018/007/SFCTA_Board_Prop%20L%205YPP%20Round%203%20-%20Safer%20and%20Complete%20Streets%20ENCLOSURE_2023-11-28%20Compressed.pdf saved
2024-03-18 13:5123: INFO: grey_lit_search.utils: attempting to download 20240318_175018/008/WHO-Global-status-report-on-road-safety-2023.pdf
2024-03-18 13:5124: INFO: grey_lit_search.utils:     20240318_175018/008/WHO-Global-status-report-on-road-safety-2023.pdf saved
2024-03-18 13:5124: INFO: grey_lit_search.utils: attempting to download 20240318_175018/009/2023-11569.pdf
2024-03-18 13:5125: INFO: grey_lit_search.utils:     20240318_175018/009/2023-11569.pdf saved
2024-03-18 13:5125: INFO: grey_lit_search.utils: saving link to 20240318_175018/010/website_link.txt
2024-03-18 13:5125: INFO: grey_lit_search.utils: saving link to 20240318_175018/011/website_link.txt
2024-03-18 13:5125: INFO: grey_lit_search.utils: attempting to download 20240318_175018/012/S165A230008-San-Diego-Unified-School-District-nar.pdf
2024-03-18 13:5204: INFO: grey_lit_search.utils:     20240318_175018/012/S165A230008-San-Diego-Unified-School-District-nar.pdf saved
2024-03-18 13:5204: INFO: grey_lit_search.utils: attempting to download 20240318_175018/013/CHRG-117hhrg48625.pdf
2024-03-18 13:5204: INFO: grey_lit_search.utils:     20240318_175018/013/CHRG-117hhrg48625.pdf saved
2024-03-18 13:5204: INFO: grey_lit_search.utils: attempting to download 20240318_175018/014/Past_Successful_Application_Packet.pdf
2024-03-18 13:5208: INFO: grey_lit_search.utils:     20240318_175018/014/Past_Successful_Application_Packet.pdf saved
2024-03-18 13:5208: INFO: grey_lit_search.utils: attempting to download 20240318_175018/015/AQCTF_Agenda_Packet_6_22_23%20%28revised%29.pdf
2024-03-18 13:5211: INFO: grey_lit_search.utils:     20240318_175018/015/AQCTF_Agenda_Packet_6_22_23%20%28revised%29.pdf saved
2024-03-18 13:5211: INFO: grey_lit_search.utils: attempting to download 20240318_175018/016/Delivering-Road-Safety-in-India-Leadership-Priorities-and-Initiatives-to-2030.pdf
2024-03-18 13:5212: INFO: grey_lit_search.utils:     20240318_175018/016/Delivering-Road-Safety-in-India-Leadership-Priorities-and-Initiatives-to-2030.pdf saved
2024-03-18 13:5212: INFO: grey_lit_search.utils: attempting to download 20240318_175018/017/enhancing_policy_and_action_for_safe_mobility.pdf
2024-03-18 13:5213: INFO: grey_lit_search.utils:     20240318_175018/017/enhancing_policy_and_action_for_safe_mobility.pdf saved
2024-03-18 13:5351: INFO: grey_lit_search.google: Found 17 results, processing now
2024-03-18 13:5351: INFO: grey_lit_search.utils: saving link to 20240318_175350/000/website_link.txt
2024-03-18 13:5351: INFO: grey_lit_search.utils: saving link to 20240318_175350/001/website_link.txt
2024-03-18 13:5351: INFO: grey_lit_search.utils: saving link to 20240318_175350/002/website_link.txt
2024-03-18 13:5351: INFO: grey_lit_search.utils: attempting to download 20240318_175350/003/SS4A-2023-Implementation-Grant-Award-Fact-Sheets.pdf
2024-03-18 13:5352: INFO: grey_lit_search.utils:     20240318_175350/003/SS4A-2023-Implementation-Grant-Award-Fact-Sheets.pdf saved
2024-03-18 13:5352: INFO: grey_lit_search.utils: saving link to 20240318_175350/004/website_link.txt
2024-03-18 13:5352: INFO: grey_lit_search.utils: saving link to 20240318_175350/005/website_link.txt
2024-03-18 13:5352: INFO: grey_lit_search.utils: saving link to 20240318_175350/006/website_link.txt
2024-03-18 13:5352: INFO: grey_lit_search.utils: saving link to 20240318_175350/007/website_link.txt
2024-03-18 13:5352: INFO: grey_lit_search.utils: saving link to 20240318_175350/008/website_link.txt
2024-03-18 13:5352: INFO: grey_lit_search.utils: attempting to download 20240318_175350/009/Z-56-22%20Staff%20Report.pdf
2024-03-18 13:5402: INFO: grey_lit_search.utils:     20240318_175350/009/Z-56-22%20Staff%20Report.pdf saved
2024-03-18 13:5402: INFO: grey_lit_search.utils: saving link to 20240318_175350/010/website_link.txt
2024-03-18 13:5402: INFO: grey_lit_search.utils: attempting to download 20240318_175350/011/IMPO-CSAP-v20220805.pdf
2024-03-18 13:5407: INFO: grey_lit_search.utils:     20240318_175350/011/IMPO-CSAP-v20220805.pdf saved
2024-03-18 13:5407: INFO: grey_lit_search.utils: saving link to 20240318_175350/012/website_link.txt
2024-03-18 13:5407: INFO: grey_lit_search.utils: saving link to 20240318_175350/013/website_link.txt
2024-03-18 13:5407: INFO: grey_lit_search.utils: saving link to 20240318_175350/014/website_link.txt
2024-03-18 13:5407: INFO: grey_lit_search.utils: attempting to download 20240318_175350/015/PC_4_UP_2023.pdf
2024-03-18 13:5414: INFO: grey_lit_search.utils:     20240318_175350/015/PC_4_UP_2023.pdf saved
2024-03-18 13:5414: INFO: grey_lit_search.utils: saving link to 20240318_175350/016/website_link.txt
2024-03-18 13:5949: INFO: grey_lit_search.google: Found 4 results, processing now
2024-03-18 13:5949: INFO: grey_lit_search.utils: attempting to download 20240318_175948/000/SS4A-2023-Implementation-Grant-Award-Fact-Sheets.pdf
2024-03-18 13:5950: INFO: grey_lit_search.utils:     20240318_175948/000/SS4A-2023-Implementation-Grant-Award-Fact-Sheets.pdf saved
2024-03-18 13:5950: INFO: grey_lit_search.utils: saving link to 20240318_175948/001/website_link.txt
2024-03-18 13:5950: INFO: grey_lit_search.utils: saving link to 20240318_175948/002/website_link.txt
2024-03-18 13:5950: INFO: grey_lit_search.utils: saving link to 20240318_175948/003/website_link.txt
2024-03-18 14:0040: INFO: grey_lit_search.google: Found 4 results, processing now
2024-03-18 14:0040: INFO: grey_lit_search.utils: attempting to download 20240318_180040/000/Z-56-22%20Staff%20Report.pdf
2024-03-18 14:0048: INFO: grey_lit_search.utils:     20240318_180040/000/Z-56-22%20Staff%20Report.pdf saved
2024-03-18 14:0048: INFO: grey_lit_search.utils: attempting to download 20240318_180040/001/Safety%20Compass%20Summer%202023%20Volume%2017%2C%20Issue%202.pdf
2024-03-18 14:0049: INFO: grey_lit_search.utils:     20240318_180040/001/Safety%20Compass%20Summer%202023%20Volume%2017%2C%20Issue%202.pdf saved
2024-03-18 14:0049: INFO: grey_lit_search.utils: attempting to download 20240318_180040/002/Staff%20Report%20PHO-1-23--Z-9-19.pdf
2024-03-18 14:0110: INFO: grey_lit_search.utils:     20240318_180040/002/Staff%20Report%20PHO-1-23--Z-9-19.pdf saved
2024-03-18 14:0110: INFO: grey_lit_search.utils: attempting to download 20240318_180040/003/RFP-2023-342-SS4A-Safety-Action-Plan.pdf
2024-03-18 14:0111: INFO: grey_lit_search.utils:     20240318_180040/003/RFP-2023-342-SS4A-Safety-Action-Plan.pdf saved
2024-03-18 14:0310: INFO: grey_lit_search.google: Found 5 results, processing now
2024-03-18 14:0310: INFO: grey_lit_search.utils: attempting to download 20240318_180310/000/Z-56-22%20Staff%20Report.pdf
2024-03-18 14:0314: INFO: grey_lit_search.utils:     20240318_180310/000/Z-56-22%20Staff%20Report.pdf saved
2024-03-18 14:0314: INFO: grey_lit_search.utils: attempting to download 20240318_180310/001/Safety%20Compass%20Summer%202023%20Volume%2017%2C%20Issue%202.pdf
2024-03-18 14:0315: INFO: grey_lit_search.utils:     20240318_180310/001/Safety%20Compass%20Summer%202023%20Volume%2017%2C%20Issue%202.pdf saved
2024-03-18 14:0315: INFO: grey_lit_search.utils: attempting to download 20240318_180310/002/Staff%20Report%20PHO-1-23--Z-9-19.pdf
2024-03-18 14:0416: INFO: grey_lit_search.utils:     20240318_180310/002/Staff%20Report%20PHO-1-23--Z-9-19.pdf saved
2024-03-18 14:0416: INFO: grey_lit_search.utils: attempting to download 20240318_180310/003/fy-2023-tiss-nofo.pdf
2024-03-18 14:0417: INFO: grey_lit_search.utils:     20240318_180310/003/fy-2023-tiss-nofo.pdf saved
2024-03-18 14:0417: INFO: grey_lit_search.utils: attempting to download 20240318_180310/004/RFP-2023-342-SS4A-Safety-Action-Plan.pdf
2024-03-18 14:0417: INFO: grey_lit_search.utils:     20240318_180310/004/RFP-2023-342-SS4A-Safety-Action-Plan.pdf saved
2024-03-18 14:0606: INFO: grey_lit_search.google: Found 17 results, processing now
2024-03-18 14:0606: INFO: grey_lit_search.utils: attempting to download 20240318_180605/000/SS4A-2023-Implementation-Grant-Award-Fact-Sheets.pdf
2024-03-18 14:0608: INFO: grey_lit_search.utils:     20240318_180605/000/SS4A-2023-Implementation-Grant-Award-Fact-Sheets.pdf saved
2024-03-18 14:0608: INFO: grey_lit_search.utils: saving link to 20240318_180605/001/website_link.txt
2024-03-18 14:0608: INFO: grey_lit_search.utils: saving link to 20240318_180605/002/website_link.txt
2024-03-18 14:0608: INFO: grey_lit_search.utils: saving link to 20240318_180605/003/website_link.txt
2024-03-18 14:0608: INFO: grey_lit_search.utils: attempting to download 20240318_180605/004/Z-56-22%20Staff%20Report.pdf
2024-03-18 14:0611: INFO: grey_lit_search.utils:     20240318_180605/004/Z-56-22%20Staff%20Report.pdf saved
2024-03-18 14:0611: INFO: grey_lit_search.utils: saving link to 20240318_180605/005/website_link.txt
2024-03-18 14:0611: INFO: grey_lit_search.utils: attempting to download 20240318_180605/006/IMPO-CSAP-6.26.23.pdf
2024-03-18 14:0638: INFO: grey_lit_search.google: Found 4 results, processing now
2024-03-18 14:0638: INFO: grey_lit_search.utils: attempting to download 20240318_180637/000/SS4A-2023-Implementation-Grant-Award-Fact-Sheets.pdf
2024-03-18 14:0639: INFO: grey_lit_search.utils:     20240318_180637/000/SS4A-2023-Implementation-Grant-Award-Fact-Sheets.pdf saved
2024-03-18 14:0639: INFO: grey_lit_search.utils: saving link to 20240318_180637/001/website_link.txt
2024-03-18 14:0639: INFO: grey_lit_search.utils: saving link to 20240318_180637/002/website_link.txt
2024-03-18 14:0639: INFO: grey_lit_search.utils: saving link to 20240318_180637/003/website_link.txt
2024-03-18 14:0727: INFO: grey_lit_search.google: Found 4 results, processing now
2024-03-18 14:0727: INFO: grey_lit_search.utils: attempting to download 20240318_180726/000/SS4A-2023-Implementation-Grant-Award-Fact-Sheets.pdf
2024-03-18 14:0728: INFO: grey_lit_search.utils:     20240318_180726/000/SS4A-2023-Implementation-Grant-Award-Fact-Sheets.pdf saved
2024-03-18 14:0728: INFO: grey_lit_search.utils: saving link to 20240318_180726/001/website_link.txt
2024-03-18 14:0728: INFO: grey_lit_search.utils: saving link to 20240318_180726/002/website_link.txt
2024-03-18 14:0728: INFO: grey_lit_search.utils: saving link to 20240318_180726/003/website_link.txt
2024-03-18 14:1850: INFO: grey_lit_search.google: Found 5 results, processing now
2024-03-18 14:1850: INFO: grey_lit_search.utils: attempting to download 20240318_181849/000/SS4A-2023-Implementation-Grant-Award-Fact-Sheets.pdf
2024-03-18 14:1851: INFO: grey_lit_search.utils:     20240318_181849/000/SS4A-2023-Implementation-Grant-Award-Fact-Sheets.pdf saved
2024-03-18 14:1851: INFO: grey_lit_search.utils: saving link to 20240318_181849/001/website_link.txt
2024-03-18 14:1851: INFO: grey_lit_search.utils: saving link to 20240318_181849/002/website_link.txt
2024-03-18 14:1851: INFO: grey_lit_search.utils: attempting to download 20240318_181849/003/IMPO-CSAP-6.26.23.pdf
2024-03-18 14:1859: INFO: grey_lit_search.utils:     20240318_181849/003/IMPO-CSAP-6.26.23.pdf saved
2024-03-18 14:1859: INFO: grey_lit_search.utils: saving link to 20240318_181849/004/website_link.txt
2024-03-18 14:1932: INFO: grey_lit_search.google: Found 5 results, processing now
2024-03-18 14:1932: INFO: grey_lit_search.utils: attempting to download 20240318_181932/000/SS4A-2023-Implementation-Grant-Award-Fact-Sheets.pdf
2024-03-18 14:1934: INFO: grey_lit_search.utils:     20240318_181932/000/SS4A-2023-Implementation-Grant-Award-Fact-Sheets.pdf saved
2024-03-18 14:1934: INFO: grey_lit_search.utils: saving link to 20240318_181932/001/website_link.txt
2024-03-18 14:1934: INFO: grey_lit_search.utils: saving link to 20240318_181932/002/website_link.txt
2024-03-18 14:1934: INFO: grey_lit_search.utils: saving link to 20240318_181932/003/website_link.txt
2024-03-18 14:1934: INFO: grey_lit_search.utils: saving link to 20240318_181932/004/website_link.txt
2024-03-19 18:5137: INFO: grey_lit_search.google: Found 4 results, processing now
2024-03-19 18:5137: INFO: grey_lit_search.utils: attempting to download Safe street for all 2023/ReVISIONing Indian School Road/Narrative/000/SS4A-2023-Implementation-Grant-Award-Fact-Sheets.pdf
2024-03-19 18:5140: INFO: grey_lit_search.utils:     Safe street for all 2023/ReVISIONing Indian School Road/Narrative/000/SS4A-2023-Implementation-Grant-Award-Fact-Sheets.pdf saved
2024-03-19 18:5140: INFO: grey_lit_search.utils: saving link to Safe street for all 2023/ReVISIONing Indian School Road/Narrative/001/website_link.txt
2024-03-19 18:5140: INFO: grey_lit_search.utils: saving link to Safe street for all 2023/ReVISIONing Indian School Road/Narrative/002/website_link.txt
2024-03-19 18:5140: INFO: grey_lit_search.utils: saving link to Safe street for all 2023/ReVISIONing Indian School Road/Narrative/003/website_link.txt
2024-03-19 18:5141: INFO: grey_lit_search.google: Found 5 results, processing now
2024-03-19 18:5141: INFO: grey_lit_search.utils: attempting to download Safe street for all 2023/ReVISIONing Indian School Road/Project Description/000/SS4A-2023-Implementation-Grant-Award-Fact-Sheets.pdf
2024-03-19 18:5145: INFO: grey_lit_search.utils:     Safe street for all 2023/ReVISIONing Indian School Road/Project Description/000/SS4A-2023-Implementation-Grant-Award-Fact-Sheets.pdf saved
2024-03-19 18:5145: INFO: grey_lit_search.utils: saving link to Safe street for all 2023/ReVISIONing Indian School Road/Project Description/001/website_link.txt
2024-03-19 18:5145: INFO: grey_lit_search.utils: saving link to Safe street for all 2023/ReVISIONing Indian School Road/Project Description/002/website_link.txt
2024-03-19 18:5145: INFO: grey_lit_search.utils: attempting to download Safe street for all 2023/ReVISIONing Indian School Road/Project Description/003/IMPO-CSAP-6.26.23.pdf
2024-03-19 18:5205: INFO: grey_lit_search.utils:     Safe street for all 2023/ReVISIONing Indian School Road/Project Description/003/IMPO-CSAP-6.26.23.pdf saved
2024-03-19 18:5205: INFO: grey_lit_search.utils: saving link to Safe street for all 2023/ReVISIONing Indian School Road/Project Description/004/website_link.txt
2024-03-19 18:5206: INFO: grey_lit_search.google: Found 5 results, processing now
2024-03-19 18:5206: INFO: grey_lit_search.utils: attempting to download Safe street for all 2023/ReVISIONing Indian School Road/Letter of Support/000/SS4A-2023-Implementation-Grant-Award-Fact-Sheets.pdf
2024-03-19 18:5210: INFO: grey_lit_search.utils:     Safe street for all 2023/ReVISIONing Indian School Road/Letter of Support/000/SS4A-2023-Implementation-Grant-Award-Fact-Sheets.pdf saved
2024-03-19 18:5210: INFO: grey_lit_search.utils: saving link to Safe street for all 2023/ReVISIONing Indian School Road/Letter of Support/001/website_link.txt
2024-03-19 18:5210: INFO: grey_lit_search.utils: attempting to download Safe street for all 2023/ReVISIONing Indian School Road/Letter of Support/002/IMPO-CSAP-6.26.23.pdf
2024-03-19 18:5226: INFO: grey_lit_search.utils:     Safe street for all 2023/ReVISIONing Indian School Road/Letter of Support/002/IMPO-CSAP-6.26.23.pdf saved
2024-03-19 18:5226: INFO: grey_lit_search.utils: saving link to Safe street for all 2023/ReVISIONing Indian School Road/Letter of Support/003/website_link.txt
2024-03-19 18:5226: INFO: grey_lit_search.utils: saving link to Safe street for all 2023/ReVISIONing Indian School Road/Letter of Support/004/website_link.txt
2024-03-19 18:5227: INFO: grey_lit_search.google: Found 4 results, processing now
2024-03-19 18:5227: INFO: grey_lit_search.utils: attempting to download Safe street for all 2023/ReVISIONing Indian School Road/Budget/000/SS4A-2023-Implementation-Grant-Award-Fact-Sheets.pdf
2024-03-19 18:5228: INFO: grey_lit_search.utils:     Safe street for all 2023/ReVISIONing Indian School Road/Budget/000/SS4A-2023-Implementation-Grant-Award-Fact-Sheets.pdf saved
2024-03-19 18:5228: INFO: grey_lit_search.utils: saving link to Safe street for all 2023/ReVISIONing Indian School Road/Budget/001/website_link.txt
2024-03-19 18:5228: INFO: grey_lit_search.utils: attempting to download Safe street for all 2023/ReVISIONing Indian School Road/Budget/002/SS4A-NOFO-FY23.pdf
2024-03-19 18:5229: INFO: grey_lit_search.utils:     Safe street for all 2023/ReVISIONing Indian School Road/Budget/002/SS4A-NOFO-FY23.pdf saved
2024-03-19 18:5229: INFO: grey_lit_search.utils: saving link to Safe street for all 2023/ReVISIONing Indian School Road/Budget/003/website_link.txt
2024-03-19 18:5230: INFO: grey_lit_search.google: Found 4 results, processing now
2024-03-19 18:5230: INFO: grey_lit_search.utils: attempting to download Safe street for all 2023/ReVISIONing Indian School Road/Benefits/000/SS4A-2023-Implementation-Grant-Award-Fact-Sheets.pdf
2024-03-19 18:5233: INFO: grey_lit_search.utils:     Safe street for all 2023/ReVISIONing Indian School Road/Benefits/000/SS4A-2023-Implementation-Grant-Award-Fact-Sheets.pdf saved
2024-03-19 18:5233: INFO: grey_lit_search.utils: saving link to Safe street for all 2023/ReVISIONing Indian School Road/Benefits/001/website_link.txt
2024-03-19 18:5233: INFO: grey_lit_search.utils: attempting to download Safe street for all 2023/ReVISIONing Indian School Road/Benefits/002/IMPO-CSAP-6.26.23.pdf
2024-03-19 18:5248: INFO: grey_lit_search.utils:     Safe street for all 2023/ReVISIONing Indian School Road/Benefits/002/IMPO-CSAP-6.26.23.pdf saved
2024-03-19 18:5248: INFO: grey_lit_search.utils: attempting to download Safe street for all 2023/ReVISIONing Indian School Road/Benefits/003/FY23-SS4A_PDG-Awards-by-State_Dec2023.pdf
2024-03-19 18:5248: INFO: grey_lit_search.utils:     Safe street for all 2023/ReVISIONing Indian School Road/Benefits/003/FY23-SS4A_PDG-Awards-by-State_Dec2023.pdf saved
2024-03-19 18:5250: INFO: grey_lit_search.google: Found 4 results, processing now
2024-03-19 18:5250: INFO: grey_lit_search.utils: attempting to download Safe street for all 2023/ReVISIONing Indian School Road/Map/000/SS4A-2023-Implementation-Grant-Award-Fact-Sheets.pdf
2024-03-19 18:5251: INFO: grey_lit_search.utils:     Safe street for all 2023/ReVISIONing Indian School Road/Map/000/SS4A-2023-Implementation-Grant-Award-Fact-Sheets.pdf saved
2024-03-19 18:5251: INFO: grey_lit_search.utils: saving link to Safe street for all 2023/ReVISIONing Indian School Road/Map/001/website_link.txt
2024-03-19 18:5251: INFO: grey_lit_search.utils: attempting to download Safe street for all 2023/ReVISIONing Indian School Road/Map/002/IMPO-CSAP-6.26.23.pdf
2024-03-19 18:5259: INFO: grey_lit_search.utils:     Safe street for all 2023/ReVISIONing Indian School Road/Map/002/IMPO-CSAP-6.26.23.pdf saved
2024-03-19 18:5259: INFO: grey_lit_search.utils: saving link to Safe street for all 2023/ReVISIONing Indian School Road/Map/003/website_link.txt
2024-03-19 18:5300: INFO: grey_lit_search.google: Found 4 results, processing now
2024-03-19 18:5300: INFO: grey_lit_search.utils: attempting to download Safe street for all 2023/ReVISIONing Indian School Road/Project Map/000/SS4A-2023-Implementation-Grant-Award-Fact-Sheets.pdf
2024-03-19 18:5302: INFO: grey_lit_search.utils:     Safe street for all 2023/ReVISIONing Indian School Road/Project Map/000/SS4A-2023-Implementation-Grant-Award-Fact-Sheets.pdf saved
2024-03-19 18:5302: INFO: grey_lit_search.utils: saving link to Safe street for all 2023/ReVISIONing Indian School Road/Project Map/001/website_link.txt
2024-03-19 18:5302: INFO: grey_lit_search.utils: saving link to Safe street for all 2023/ReVISIONing Indian School Road/Project Map/002/website_link.txt
2024-03-19 18:5302: INFO: grey_lit_search.utils: attempting to download Safe street for all 2023/ReVISIONing Indian School Road/Project Map/003/IMPO-CSAP-6.26.23.pdf
2024-03-19 18:5311: INFO: grey_lit_search.utils:     Safe street for all 2023/ReVISIONing Indian School Road/Project Map/003/IMPO-CSAP-6.26.23.pdf saved
2024-03-19 18:5313: INFO: grey_lit_search.google: Found 5 results, processing now
2024-03-19 18:5313: INFO: grey_lit_search.utils: attempting to download Safe street for all 2023/ReVISIONing Indian School Road/Action Plan/000/SS4A-2023-Implementation-Grant-Award-Fact-Sheets.pdf
2024-03-19 18:5314: INFO: grey_lit_search.utils:     Safe street for all 2023/ReVISIONing Indian School Road/Action Plan/000/SS4A-2023-Implementation-Grant-Award-Fact-Sheets.pdf saved
2024-03-19 18:5314: INFO: grey_lit_search.utils: saving link to Safe street for all 2023/ReVISIONing Indian School Road/Action Plan/001/website_link.txt
2024-03-19 18:5314: INFO: grey_lit_search.utils: attempting to download Safe street for all 2023/ReVISIONing Indian School Road/Action Plan/002/FY23_SS4A_PDG-Awards-by-State.pdf
2024-03-19 18:5315: INFO: grey_lit_search.utils:     Safe street for all 2023/ReVISIONing Indian School Road/Action Plan/002/FY23_SS4A_PDG-Awards-by-State.pdf saved
2024-03-19 18:5315: INFO: grey_lit_search.utils: saving link to Safe street for all 2023/ReVISIONing Indian School Road/Action Plan/003/website_link.txt
2024-03-19 18:5315: INFO: grey_lit_search.utils: attempting to download Safe street for all 2023/ReVISIONing Indian School Road/Action Plan/004/IMPO-CSAP-6.26.23.pdf
2024-03-19 18:5325: INFO: grey_lit_search.utils:     Safe street for all 2023/ReVISIONing Indian School Road/Action Plan/004/IMPO-CSAP-6.26.23.pdf saved
2024-03-19 18:5326: INFO: grey_lit_search.google: Found 4 results, processing now
2024-03-19 18:5326: INFO: grey_lit_search.utils: attempting to download Safe street for all 2023/ReVISIONing Indian School Road/Safety Action Plan/000/SS4A-2023-Implementation-Grant-Award-Fact-Sheets.pdf
2024-03-19 18:5327: INFO: grey_lit_search.utils:     Safe street for all 2023/ReVISIONing Indian School Road/Safety Action Plan/000/SS4A-2023-Implementation-Grant-Award-Fact-Sheets.pdf saved
2024-03-19 18:5327: INFO: grey_lit_search.utils: attempting to download Safe street for all 2023/ReVISIONing Indian School Road/Safety Action Plan/001/FY23_SS4A_PDG-Awards-by-State.pdf
2024-03-19 18:5327: INFO: grey_lit_search.utils:     Safe street for all 2023/ReVISIONing Indian School Road/Safety Action Plan/001/FY23_SS4A_PDG-Awards-by-State.pdf saved
2024-03-19 18:5327: INFO: grey_lit_search.utils: saving link to Safe street for all 2023/ReVISIONing Indian School Road/Safety Action Plan/002/website_link.txt
2024-03-19 18:5327: INFO: grey_lit_search.utils: attempting to download Safe street for all 2023/ReVISIONing Indian School Road/Safety Action Plan/003/IMPO-CSAP-6.26.23.pdf
2024-03-19 18:5334: INFO: grey_lit_search.utils:     Safe street for all 2023/ReVISIONing Indian School Road/Safety Action Plan/003/IMPO-CSAP-6.26.23.pdf saved
2024-03-19 18:5530: INFO: grey_lit_search.google: Found 4 results, processing now
2024-03-19 18:5530: INFO: grey_lit_search.utils: attempting to download Safe street for all 2023/ReVISIONing Indian School Road/Narrative/000/Z-56-22%20Staff%20Report.pdf
2024-03-19 18:5534: INFO: grey_lit_search.utils:     Safe street for all 2023/ReVISIONing Indian School Road/Narrative/000/Z-56-22%20Staff%20Report.pdf saved
2024-03-19 18:5534: INFO: grey_lit_search.utils: attempting to download Safe street for all 2023/ReVISIONing Indian School Road/Narrative/001/Safety%20Compass%20Summer%202023%20Volume%2017%2C%20Issue%202.pdf
2024-03-19 18:5534: INFO: grey_lit_search.utils:     Safe street for all 2023/ReVISIONing Indian School Road/Narrative/001/Safety%20Compass%20Summer%202023%20Volume%2017%2C%20Issue%202.pdf saved
2024-03-19 18:5534: INFO: grey_lit_search.utils: attempting to download Safe street for all 2023/ReVISIONing Indian School Road/Narrative/002/Staff%20Report%20PHO-1-23--Z-9-19.pdf
2024-03-19 18:5553: INFO: grey_lit_search.utils:     Safe street for all 2023/ReVISIONing Indian School Road/Narrative/002/Staff%20Report%20PHO-1-23--Z-9-19.pdf saved
2024-03-19 18:5553: INFO: grey_lit_search.utils: attempting to download Safe street for all 2023/ReVISIONing Indian School Road/Narrative/003/RFP-2023-342-SS4A-Safety-Action-Plan.pdf
2024-03-19 18:5554: INFO: grey_lit_search.utils:     Safe street for all 2023/ReVISIONing Indian School Road/Narrative/003/RFP-2023-342-SS4A-Safety-Action-Plan.pdf saved
2024-03-19 18:5555: INFO: grey_lit_search.google: Found 4 results, processing now
2024-03-19 18:5555: INFO: grey_lit_search.utils: attempting to download Safe street for all 2023/ReVISIONing Indian School Road/Project Description/000/SS4A-2023-Implementation-Grant-Award-Fact-Sheets.pdf
2024-03-19 18:5556: INFO: grey_lit_search.utils:     Safe street for all 2023/ReVISIONing Indian School Road/Project Description/000/SS4A-2023-Implementation-Grant-Award-Fact-Sheets.pdf saved
2024-03-19 18:5556: INFO: grey_lit_search.utils: saving link to Safe street for all 2023/ReVISIONing Indian School Road/Project Description/001/website_link.txt
2024-03-19 18:5556: INFO: grey_lit_search.utils: attempting to download Safe street for all 2023/ReVISIONing Indian School Road/Project Description/002/Safety%20Compass%20Summer%202023%20Volume%2017%2C%20Issue%202.pdf
2024-03-19 18:5557: INFO: grey_lit_search.utils:     Safe street for all 2023/ReVISIONing Indian School Road/Project Description/002/Safety%20Compass%20Summer%202023%20Volume%2017%2C%20Issue%202.pdf saved
2024-03-19 18:5557: INFO: grey_lit_search.utils: attempting to download Safe street for all 2023/ReVISIONing Indian School Road/Project Description/003/Z-56-22%20Staff%20Report.pdf
2024-03-19 18:5559: INFO: grey_lit_search.utils:     Safe street for all 2023/ReVISIONing Indian School Road/Project Description/003/Z-56-22%20Staff%20Report.pdf saved
2024-03-19 18:5600: INFO: grey_lit_search.google: Found 5 results, processing now
2024-03-19 18:5600: INFO: grey_lit_search.utils: attempting to download Safe street for all 2023/ReVISIONing Indian School Road/Letter of Support/000/Z-56-22%20Staff%20Report.pdf
2024-03-19 18:5603: INFO: grey_lit_search.utils:     Safe street for all 2023/ReVISIONing Indian School Road/Letter of Support/000/Z-56-22%20Staff%20Report.pdf saved
2024-03-19 18:5603: INFO: grey_lit_search.utils: attempting to download Safe street for all 2023/ReVISIONing Indian School Road/Letter of Support/001/fy-2023-project-aware-nofo.pdf
2024-03-19 18:5604: INFO: grey_lit_search.utils:     Safe street for all 2023/ReVISIONing Indian School Road/Letter of Support/001/fy-2023-project-aware-nofo.pdf saved
2024-03-19 18:5604: INFO: grey_lit_search.utils: attempting to download Safe street for all 2023/ReVISIONing Indian School Road/Letter of Support/002/RFP-2023-342-SS4A-Safety-Action-Plan.pdf
2024-03-19 18:5604: INFO: grey_lit_search.utils:     Safe street for all 2023/ReVISIONing Indian School Road/Letter of Support/002/RFP-2023-342-SS4A-Safety-Action-Plan.pdf saved
2024-03-19 18:5604: INFO: grey_lit_search.utils: attempting to download Safe street for all 2023/ReVISIONing Indian School Road/Letter of Support/003/Staff%20Report%20PHO-1-23--Z-9-19.pdf
2024-03-19 18:5622: INFO: grey_lit_search.utils:     Safe street for all 2023/ReVISIONing Indian School Road/Letter of Support/003/Staff%20Report%20PHO-1-23--Z-9-19.pdf saved
2024-03-19 18:5622: INFO: grey_lit_search.utils: attempting to download Safe street for all 2023/ReVISIONing Indian School Road/Letter of Support/004/FY_2023_Performance_Plan_0.pdf
2024-03-19 18:5622: INFO: grey_lit_search.utils:     Safe street for all 2023/ReVISIONing Indian School Road/Letter of Support/004/FY_2023_Performance_Plan_0.pdf saved
2024-03-19 18:5623: INFO: grey_lit_search.google: Found 4 results, processing now
2024-03-19 18:5623: INFO: grey_lit_search.utils: attempting to download Safe street for all 2023/ReVISIONing Indian School Road/Budget/000/SS4A-2023-Implementation-Grant-Award-Fact-Sheets.pdf
2024-03-19 18:5624: INFO: grey_lit_search.utils:     Safe street for all 2023/ReVISIONing Indian School Road/Budget/000/SS4A-2023-Implementation-Grant-Award-Fact-Sheets.pdf saved
2024-03-19 18:5624: INFO: grey_lit_search.utils: attempting to download Safe street for all 2023/ReVISIONing Indian School Road/Budget/001/2024-25_Trial_Budget.pdf
2024-03-19 18:5626: INFO: grey_lit_search.utils:     Safe street for all 2023/ReVISIONing Indian School Road/Budget/001/2024-25_Trial_Budget.pdf saved
2024-03-19 18:5626: INFO: grey_lit_search.utils: saving link to Safe street for all 2023/ReVISIONing Indian School Road/Budget/002/website_link.txt
2024-03-19 18:5626: INFO: grey_lit_search.utils: attempting to download Safe street for all 2023/ReVISIONing Indian School Road/Budget/003/fy2023-bie-greenbook.pdf
2024-03-19 18:5626: INFO: grey_lit_search.utils:     Safe street for all 2023/ReVISIONing Indian School Road/Budget/003/fy2023-bie-greenbook.pdf saved
2024-03-19 18:5627: INFO: grey_lit_search.google: Found 4 results, processing now
2024-03-19 18:5627: INFO: grey_lit_search.utils: attempting to download Safe street for all 2023/ReVISIONing Indian School Road/Benefits/000/SS4A-2023-Implementation-Grant-Award-Fact-Sheets.pdf
2024-03-19 18:5628: INFO: grey_lit_search.utils:     Safe street for all 2023/ReVISIONing Indian School Road/Benefits/000/SS4A-2023-Implementation-Grant-Award-Fact-Sheets.pdf saved
2024-03-19 18:5628: INFO: grey_lit_search.utils: saving link to Safe street for all 2023/ReVISIONing Indian School Road/Benefits/001/website_link.txt
2024-03-19 18:5628: INFO: grey_lit_search.utils: attempting to download Safe street for all 2023/ReVISIONing Indian School Road/Benefits/002/Safety%20Compass%20Summer%202023%20Volume%2017%2C%20Issue%202.pdf
2024-03-19 18:5629: INFO: grey_lit_search.utils:     Safe street for all 2023/ReVISIONing Indian School Road/Benefits/002/Safety%20Compass%20Summer%202023%20Volume%2017%2C%20Issue%202.pdf saved
2024-03-19 18:5629: INFO: grey_lit_search.utils: attempting to download Safe street for all 2023/ReVISIONing Indian School Road/Benefits/003/TransportationSafetyPlan_20230831.pdf
2024-03-19 18:5631: INFO: grey_lit_search.utils:     Safe street for all 2023/ReVISIONing Indian School Road/Benefits/003/TransportationSafetyPlan_20230831.pdf saved
2024-03-19 18:5632: INFO: grey_lit_search.google: Found 4 results, processing now
2024-03-19 18:5632: INFO: grey_lit_search.utils: attempting to download Safe street for all 2023/ReVISIONing Indian School Road/Map/000/SS4A-2023-Implementation-Grant-Award-Fact-Sheets.pdf
2024-03-19 18:5633: INFO: grey_lit_search.utils:     Safe street for all 2023/ReVISIONing Indian School Road/Map/000/SS4A-2023-Implementation-Grant-Award-Fact-Sheets.pdf saved
2024-03-19 18:5633: INFO: grey_lit_search.utils: attempting to download Safe street for all 2023/ReVISIONing Indian School Road/Map/001/PHO-1-23--Z-9-19-4%20%281%29.pdf
2024-03-19 18:5659: INFO: grey_lit_search.utils:     Safe street for all 2023/ReVISIONing Indian School Road/Map/001/PHO-1-23--Z-9-19-4%20%281%29.pdf saved
2024-03-19 18:5659: INFO: grey_lit_search.utils: saving link to Safe street for all 2023/ReVISIONing Indian School Road/Map/002/website_link.txt
2024-03-19 18:5659: INFO: grey_lit_search.utils: attempting to download Safe street for all 2023/ReVISIONing Indian School Road/Map/003/Z-56-22%20Staff%20Report.pdf
2024-03-19 18:5702: INFO: grey_lit_search.utils:     Safe street for all 2023/ReVISIONing Indian School Road/Map/003/Z-56-22%20Staff%20Report.pdf saved
2024-03-19 18:5703: INFO: grey_lit_search.google: Found 4 results, processing now
2024-03-19 18:5703: INFO: grey_lit_search.utils: attempting to download Safe street for all 2023/ReVISIONing Indian School Road/Project Map/000/SS4A-2023-Implementation-Grant-Award-Fact-Sheets.pdf
2024-03-19 18:5704: INFO: grey_lit_search.utils:     Safe street for all 2023/ReVISIONing Indian School Road/Project Map/000/SS4A-2023-Implementation-Grant-Award-Fact-Sheets.pdf saved
2024-03-19 18:5704: INFO: grey_lit_search.utils: attempting to download Safe street for all 2023/ReVISIONing Indian School Road/Project Map/001/Z-56-22%20Staff%20Report.pdf
2024-03-19 18:5707: INFO: grey_lit_search.utils:     Safe street for all 2023/ReVISIONing Indian School Road/Project Map/001/Z-56-22%20Staff%20Report.pdf saved
2024-03-19 18:5707: INFO: grey_lit_search.utils: attempting to download Safe street for all 2023/ReVISIONing Indian School Road/Project Map/002/TransportationSafetyPlan_20230831.pdf
2024-03-19 18:5709: INFO: grey_lit_search.utils:     Safe street for all 2023/ReVISIONing Indian School Road/Project Map/002/TransportationSafetyPlan_20230831.pdf saved
2024-03-19 18:5709: INFO: grey_lit_search.utils: attempting to download Safe street for all 2023/ReVISIONing Indian School Road/Project Map/003/fhwasa23001_508.pdf
2024-03-19 18:5709: INFO: grey_lit_search.utils:     Safe street for all 2023/ReVISIONing Indian School Road/Project Map/003/fhwasa23001_508.pdf saved
2024-03-19 18:5711: INFO: grey_lit_search.google: Found 4 results, processing now
2024-03-19 18:5711: INFO: grey_lit_search.utils: attempting to download Safe street for all 2023/ReVISIONing Indian School Road/Action Plan/000/SS4A-2023-Implementation-Grant-Award-Fact-Sheets.pdf
2024-03-19 18:5712: INFO: grey_lit_search.utils:     Safe street for all 2023/ReVISIONing Indian School Road/Action Plan/000/SS4A-2023-Implementation-Grant-Award-Fact-Sheets.pdf saved
2024-03-19 18:5712: INFO: grey_lit_search.utils: saving link to Safe street for all 2023/ReVISIONing Indian School Road/Action Plan/001/website_link.txt
2024-03-19 18:5712: INFO: grey_lit_search.utils: attempting to download Safe street for all 2023/ReVISIONing Indian School Road/Action Plan/002/Safety%20Compass%20Summer%202023%20Volume%2017%2C%20Issue%202.pdf
2024-03-19 18:5712: INFO: grey_lit_search.utils:     Safe street for all 2023/ReVISIONing Indian School Road/Action Plan/002/Safety%20Compass%20Summer%202023%20Volume%2017%2C%20Issue%202.pdf saved
2024-03-19 18:5712: INFO: grey_lit_search.utils: attempting to download Safe street for all 2023/ReVISIONing Indian School Road/Action Plan/003/SHSP2021-25_compressed.pdf
2024-03-19 18:5717: INFO: grey_lit_search.utils:     Safe street for all 2023/ReVISIONing Indian School Road/Action Plan/003/SHSP2021-25_compressed.pdf saved
2024-03-19 18:5718: INFO: grey_lit_search.google: Found 4 results, processing now
2024-03-19 18:5718: INFO: grey_lit_search.utils: attempting to download Safe street for all 2023/ReVISIONing Indian School Road/Safety Action Plan/000/SS4A-2023-Implementation-Grant-Award-Fact-Sheets.pdf
2024-03-19 18:5720: INFO: grey_lit_search.utils:     Safe street for all 2023/ReVISIONing Indian School Road/Safety Action Plan/000/SS4A-2023-Implementation-Grant-Award-Fact-Sheets.pdf saved
2024-03-19 18:5720: INFO: grey_lit_search.utils: saving link to Safe street for all 2023/ReVISIONing Indian School Road/Safety Action Plan/001/website_link.txt
2024-03-19 18:5720: INFO: grey_lit_search.utils: attempting to download Safe street for all 2023/ReVISIONing Indian School Road/Safety Action Plan/002/TransportationSafetyPlan_20230831.pdf
2024-03-19 18:5724: INFO: grey_lit_search.utils:     Safe street for all 2023/ReVISIONing Indian School Road/Safety Action Plan/002/TransportationSafetyPlan_20230831.pdf saved
2024-03-19 18:5724: INFO: grey_lit_search.utils: attempting to download Safe street for all 2023/ReVISIONing Indian School Road/Safety Action Plan/003/Safety%20Compass%20Summer%202023%20Volume%2017%2C%20Issue%202.pdf
2024-03-19 18:5725: INFO: grey_lit_search.utils:     Safe street for all 2023/ReVISIONing Indian School Road/Safety Action Plan/003/Safety%20Compass%20Summer%202023%20Volume%2017%2C%20Issue%202.pdf saved
2024-03-21 21:5611: INFO: grey_lit_search.google: Found 4 results, processing now
2024-03-21 21:5611: INFO: grey_lit_search.utils: attempting to download Safe street for all 2023/ReVISIONing Indian School Road/Narrative/Z-56-22%20Staff%20Report.pdf
2024-03-21 21:5614: INFO: grey_lit_search.utils:     Safe street for all 2023/ReVISIONing Indian School Road/Narrative/Z-56-22%20Staff%20Report.pdf saved
2024-03-21 21:5614: INFO: grey_lit_search.utils: attempting to download Safe street for all 2023/ReVISIONing Indian School Road/Narrative/Safety%20Compass%20Summer%202023%20Volume%2017%2C%20Issue%202.pdf
2024-03-21 21:5615: INFO: grey_lit_search.utils:     Safe street for all 2023/ReVISIONing Indian School Road/Narrative/Safety%20Compass%20Summer%202023%20Volume%2017%2C%20Issue%202.pdf saved
2024-03-21 21:5615: INFO: grey_lit_search.utils: attempting to download Safe street for all 2023/ReVISIONing Indian School Road/Narrative/Staff%20Report%20PHO-1-23--Z-9-19.pdf
2024-03-21 21:5640: INFO: grey_lit_search.utils:     Safe street for all 2023/ReVISIONing Indian School Road/Narrative/Staff%20Report%20PHO-1-23--Z-9-19.pdf saved
2024-03-21 21:5640: INFO: grey_lit_search.utils: attempting to download Safe street for all 2023/ReVISIONing Indian School Road/Narrative/RFP-2023-342-SS4A-Safety-Action-Plan.pdf
2024-03-21 21:5641: INFO: grey_lit_search.utils:     Safe street for all 2023/ReVISIONing Indian School Road/Narrative/RFP-2023-342-SS4A-Safety-Action-Plan.pdf saved
2024-03-21 21:5642: INFO: grey_lit_search.google: Found 4 results, processing now
2024-03-21 21:5642: INFO: grey_lit_search.utils: attempting to download Safe street for all 2023/ReVISIONing Indian School Road/Project Description/SS4A-2023-Implementation-Grant-Award-Fact-Sheets.pdf
2024-03-21 21:5644: INFO: grey_lit_search.utils:     Safe street for all 2023/ReVISIONing Indian School Road/Project Description/SS4A-2023-Implementation-Grant-Award-Fact-Sheets.pdf saved
2024-03-21 21:5644: INFO: grey_lit_search.utils: saving link to Safe street for all 2023/ReVISIONing Indian School Road/Project Description/001/website_link.txt
2024-03-21 21:5644: INFO: grey_lit_search.utils: attempting to download Safe street for all 2023/ReVISIONing Indian School Road/Project Description/Safety%20Compass%20Summer%202023%20Volume%2017%2C%20Issue%202.pdf
2024-03-21 21:5645: INFO: grey_lit_search.utils:     Safe street for all 2023/ReVISIONing Indian School Road/Project Description/Safety%20Compass%20Summer%202023%20Volume%2017%2C%20Issue%202.pdf saved
2024-03-21 21:5645: INFO: grey_lit_search.utils: attempting to download Safe street for all 2023/ReVISIONing Indian School Road/Project Description/TransportationSafetyPlan_20230831.pdf
2024-03-21 21:5647: INFO: grey_lit_search.utils:     Safe street for all 2023/ReVISIONing Indian School Road/Project Description/TransportationSafetyPlan_20230831.pdf saved
2024-03-21 21:5648: INFO: grey_lit_search.google: Found 5 results, processing now
2024-03-21 21:5648: INFO: grey_lit_search.utils: attempting to download Safe street for all 2023/ReVISIONing Indian School Road/Letter of Support/Z-56-22%20Staff%20Report.pdf
2024-03-21 21:5651: INFO: grey_lit_search.utils:     Safe street for all 2023/ReVISIONing Indian School Road/Letter of Support/Z-56-22%20Staff%20Report.pdf saved
2024-03-21 21:5651: INFO: grey_lit_search.utils: attempting to download Safe street for all 2023/ReVISIONing Indian School Road/Letter of Support/RFP-2023-342-SS4A-Safety-Action-Plan.pdf
2024-03-21 21:5652: INFO: grey_lit_search.utils:     Safe street for all 2023/ReVISIONing Indian School Road/Letter of Support/RFP-2023-342-SS4A-Safety-Action-Plan.pdf saved
2024-03-21 21:5652: INFO: grey_lit_search.utils: attempting to download Safe street for all 2023/ReVISIONing Indian School Road/Letter of Support/Staff%20Report%20PHO-1-23--Z-9-19.pdf
2024-03-21 21:5745: INFO: grey_lit_search.utils:     Safe street for all 2023/ReVISIONing Indian School Road/Letter of Support/Staff%20Report%20PHO-1-23--Z-9-19.pdf saved
2024-03-21 21:5745: INFO: grey_lit_search.utils: attempting to download Safe street for all 2023/ReVISIONing Indian School Road/Letter of Support/FY_2023_Performance_Plan_0.pdf
2024-03-21 21:5745: INFO: grey_lit_search.utils:     Safe street for all 2023/ReVISIONing Indian School Road/Letter of Support/FY_2023_Performance_Plan_0.pdf saved
2024-03-21 21:5745: INFO: grey_lit_search.utils: attempting to download Safe street for all 2023/ReVISIONing Indian School Road/Letter of Support/TPPB-Meeting-Packet-2024.02.21.pdf
2024-03-21 21:5747: INFO: grey_lit_search.utils:     Safe street for all 2023/ReVISIONing Indian School Road/Letter of Support/TPPB-Meeting-Packet-2024.02.21.pdf saved
2024-03-21 21:5748: INFO: grey_lit_search.google: Found 4 results, processing now
2024-03-21 21:5748: INFO: grey_lit_search.utils: attempting to download Safe street for all 2023/ReVISIONing Indian School Road/Budget/SS4A-2023-Implementation-Grant-Award-Fact-Sheets.pdf
2024-03-21 21:5750: INFO: grey_lit_search.utils:     Safe street for all 2023/ReVISIONing Indian School Road/Budget/SS4A-2023-Implementation-Grant-Award-Fact-Sheets.pdf saved
2024-03-21 21:5750: INFO: grey_lit_search.utils: attempting to download Safe street for all 2023/ReVISIONing Indian School Road/Budget/2024-25_Trial_Budget.pdf
2024-03-21 21:5752: INFO: grey_lit_search.utils:     Safe street for all 2023/ReVISIONing Indian School Road/Budget/2024-25_Trial_Budget.pdf saved
2024-03-21 21:5752: INFO: grey_lit_search.utils: attempting to download Safe street for all 2023/ReVISIONing Indian School Road/Budget/OST_Budget_Estimates_FY23.pdf
2024-03-21 21:5753: INFO: grey_lit_search.utils:     Safe street for all 2023/ReVISIONing Indian School Road/Budget/OST_Budget_Estimates_FY23.pdf saved
2024-03-21 21:5753: INFO: grey_lit_search.utils: attempting to download Safe street for all 2023/ReVISIONing Indian School Road/Budget/PLAW-117publ58.pdf
2024-03-21 21:5754: INFO: grey_lit_search.utils:     Safe street for all 2023/ReVISIONing Indian School Road/Budget/PLAW-117publ58.pdf saved
2024-03-21 21:5755: INFO: grey_lit_search.google: Found 4 results, processing now
2024-03-21 21:5755: INFO: grey_lit_search.utils: attempting to download Safe street for all 2023/ReVISIONing Indian School Road/Benefits/SS4A-2023-Implementation-Grant-Award-Fact-Sheets.pdf
2024-03-21 21:5758: INFO: grey_lit_search.utils:     Safe street for all 2023/ReVISIONing Indian School Road/Benefits/SS4A-2023-Implementation-Grant-Award-Fact-Sheets.pdf saved
2024-03-21 21:5758: INFO: grey_lit_search.utils: saving link to Safe street for all 2023/ReVISIONing Indian School Road/Benefits/001/website_link.txt
2024-03-21 21:5758: INFO: grey_lit_search.utils: attempting to download Safe street for all 2023/ReVISIONing Indian School Road/Benefits/Safety%20Compass%20Summer%202023%20Volume%2017%2C%20Issue%202.pdf
2024-03-21 21:5759: INFO: grey_lit_search.utils:     Safe street for all 2023/ReVISIONing Indian School Road/Benefits/Safety%20Compass%20Summer%202023%20Volume%2017%2C%20Issue%202.pdf saved
2024-03-21 21:5759: INFO: grey_lit_search.utils: attempting to download Safe street for all 2023/ReVISIONing Indian School Road/Benefits/TransportationSafetyPlan_20230831.pdf
2024-03-21 21:5804: INFO: grey_lit_search.utils:     Safe street for all 2023/ReVISIONing Indian School Road/Benefits/TransportationSafetyPlan_20230831.pdf saved
2024-03-21 21:5805: INFO: grey_lit_search.google: Found 4 results, processing now
2024-03-21 21:5805: INFO: grey_lit_search.utils: attempting to download Safe street for all 2023/ReVISIONing Indian School Road/Map/SS4A-2023-Implementation-Grant-Award-Fact-Sheets.pdf
2024-03-21 21:5807: INFO: grey_lit_search.utils:     Safe street for all 2023/ReVISIONing Indian School Road/Map/SS4A-2023-Implementation-Grant-Award-Fact-Sheets.pdf saved
2024-03-21 21:5807: INFO: grey_lit_search.utils: attempting to download Safe street for all 2023/ReVISIONing Indian School Road/Map/PHO-1-23--Z-9-19-4%20%281%29.pdf
2024-03-21 21:5905: INFO: grey_lit_search.utils:     Safe street for all 2023/ReVISIONing Indian School Road/Map/PHO-1-23--Z-9-19-4%20%281%29.pdf saved
2024-03-21 21:5905: INFO: grey_lit_search.utils: saving link to Safe street for all 2023/ReVISIONing Indian School Road/Map/002/website_link.txt
2024-03-21 21:5905: INFO: grey_lit_search.utils: attempting to download Safe street for all 2023/ReVISIONing Indian School Road/Map/Z-56-22%20Staff%20Report.pdf
2024-03-21 21:5913: INFO: grey_lit_search.utils:     Safe street for all 2023/ReVISIONing Indian School Road/Map/Z-56-22%20Staff%20Report.pdf saved
2024-03-21 21:5914: INFO: grey_lit_search.google: Found 4 results, processing now
2024-03-21 21:5914: INFO: grey_lit_search.utils: attempting to download Safe street for all 2023/ReVISIONing Indian School Road/Project Map/SS4A-2023-Implementation-Grant-Award-Fact-Sheets.pdf
2024-03-21 21:5917: INFO: grey_lit_search.utils:     Safe street for all 2023/ReVISIONing Indian School Road/Project Map/SS4A-2023-Implementation-Grant-Award-Fact-Sheets.pdf saved
2024-03-21 21:5917: INFO: grey_lit_search.utils: attempting to download Safe street for all 2023/ReVISIONing Indian School Road/Project Map/TransportationSafetyPlan_20230831.pdf
2024-03-21 21:5919: INFO: grey_lit_search.utils:     Safe street for all 2023/ReVISIONing Indian School Road/Project Map/TransportationSafetyPlan_20230831.pdf saved
2024-03-21 21:5919: INFO: grey_lit_search.utils: attempting to download Safe street for all 2023/ReVISIONing Indian School Road/Project Map/Z-56-22%20Staff%20Report.pdf
2024-03-21 21:5922: INFO: grey_lit_search.utils:     Safe street for all 2023/ReVISIONing Indian School Road/Project Map/Z-56-22%20Staff%20Report.pdf saved
2024-03-21 21:5922: INFO: grey_lit_search.utils: attempting to download Safe street for all 2023/ReVISIONing Indian School Road/Project Map/fhwasa23001_508.pdf
2024-03-21 21:5924: INFO: grey_lit_search.utils:     Safe street for all 2023/ReVISIONing Indian School Road/Project Map/fhwasa23001_508.pdf saved
2024-03-21 21:5925: INFO: grey_lit_search.google: Found 4 results, processing now
2024-03-21 21:5925: INFO: grey_lit_search.utils: attempting to download Safe street for all 2023/ReVISIONing Indian School Road/Action Plan/SS4A-2023-Implementation-Grant-Award-Fact-Sheets.pdf
2024-03-21 21:5927: INFO: grey_lit_search.utils:     Safe street for all 2023/ReVISIONing Indian School Road/Action Plan/SS4A-2023-Implementation-Grant-Award-Fact-Sheets.pdf saved
2024-03-21 21:5927: INFO: grey_lit_search.utils: saving link to Safe street for all 2023/ReVISIONing Indian School Road/Action Plan/001/website_link.txt
2024-03-21 21:5927: INFO: grey_lit_search.utils: attempting to download Safe street for all 2023/ReVISIONing Indian School Road/Action Plan/Safety%20Compass%20Summer%202023%20Volume%2017%2C%20Issue%202.pdf
2024-03-21 21:5928: INFO: grey_lit_search.utils:     Safe street for all 2023/ReVISIONing Indian School Road/Action Plan/Safety%20Compass%20Summer%202023%20Volume%2017%2C%20Issue%202.pdf saved
2024-03-21 21:5928: INFO: grey_lit_search.utils: attempting to download Safe street for all 2023/ReVISIONing Indian School Road/Action Plan/SHSP2021-25_compressed.pdf
2024-03-21 21:5936: INFO: grey_lit_search.utils:     Safe street for all 2023/ReVISIONing Indian School Road/Action Plan/SHSP2021-25_compressed.pdf saved
2024-03-21 21:5937: INFO: grey_lit_search.google: Found 4 results, processing now
2024-03-21 21:5937: INFO: grey_lit_search.utils: attempting to download Safe street for all 2023/ReVISIONing Indian School Road/Safety Action Plan/SS4A-2023-Implementation-Grant-Award-Fact-Sheets.pdf
2024-03-21 21:5941: INFO: grey_lit_search.utils:     Safe street for all 2023/ReVISIONing Indian School Road/Safety Action Plan/SS4A-2023-Implementation-Grant-Award-Fact-Sheets.pdf saved
2024-03-21 21:5941: INFO: grey_lit_search.utils: saving link to Safe street for all 2023/ReVISIONing Indian School Road/Safety Action Plan/001/website_link.txt
2024-03-21 21:5941: INFO: grey_lit_search.utils: attempting to download Safe street for all 2023/ReVISIONing Indian School Road/Safety Action Plan/TransportationSafetyPlan_20230831.pdf
2024-03-21 21:5954: INFO: grey_lit_search.utils:     Safe street for all 2023/ReVISIONing Indian School Road/Safety Action Plan/TransportationSafetyPlan_20230831.pdf saved
2024-03-21 21:5954: INFO: grey_lit_search.utils: attempting to download Safe street for all 2023/ReVISIONing Indian School Road/Safety Action Plan/Safety%20Compass%20Summer%202023%20Volume%2017%2C%20Issue%202.pdf
2024-03-21 21:5955: INFO: grey_lit_search.utils:     Safe street for all 2023/ReVISIONing Indian School Road/Safety Action Plan/Safety%20Compass%20Summer%202023%20Volume%2017%2C%20Issue%202.pdf saved
2024-03-22 22:3025: INFO: grey_lit_search.google: Found 1 results, processing now
2024-03-22 22:3025: INFO: grey_lit_search.utils: attempting to download Safe street for all 2023/ReVISIONing Indian School Road/Narrative/Z-56-22%20Staff%20Report.pdf
2024-03-22 22:3032: INFO: grey_lit_search.utils:     Safe street for all 2023/ReVISIONing Indian School Road/Narrative/Z-56-22%20Staff%20Report.pdf saved
2024-03-22 22:3033: INFO: grey_lit_search.google: Found 2 results, processing now
2024-03-22 22:3033: INFO: grey_lit_search.utils: attempting to download Safe street for all 2023/ReVISIONing Indian School Road/Project Description/SS4A-2023-Implementation-Grant-Award-Fact-Sheets.pdf
2024-03-22 22:3035: INFO: grey_lit_search.utils:     Safe street for all 2023/ReVISIONing Indian School Road/Project Description/SS4A-2023-Implementation-Grant-Award-Fact-Sheets.pdf saved
2024-03-22 22:3035: INFO: grey_lit_search.utils: saving link to Safe street for all 2023/ReVISIONing Indian School Road/Project Description/001/website_link.txt
2024-03-22 22:3036: INFO: grey_lit_search.google: Found 2 results, processing now
2024-03-22 22:3036: INFO: grey_lit_search.utils: attempting to download Safe street for all 2023/ReVISIONing Indian School Road/Letter of Support/Z-56-22%20Staff%20Report.pdf
2024-03-22 22:3038: INFO: grey_lit_search.utils:     Safe street for all 2023/ReVISIONing Indian School Road/Letter of Support/Z-56-22%20Staff%20Report.pdf saved
2024-03-22 22:3038: INFO: grey_lit_search.utils: attempting to download Safe street for all 2023/ReVISIONing Indian School Road/Letter of Support/RFP-2023-342-SS4A-Safety-Action-Plan.pdf
2024-03-22 22:3039: INFO: grey_lit_search.utils:     Safe street for all 2023/ReVISIONing Indian School Road/Letter of Support/RFP-2023-342-SS4A-Safety-Action-Plan.pdf saved
2024-03-22 22:3040: INFO: grey_lit_search.google: Found 1 results, processing now
2024-03-22 22:3040: INFO: grey_lit_search.utils: attempting to download Safe street for all 2023/ReVISIONing Indian School Road/Budget/SS4A-2023-Implementation-Grant-Award-Fact-Sheets.pdf
2024-03-22 22:3041: INFO: grey_lit_search.utils:     Safe street for all 2023/ReVISIONing Indian School Road/Budget/SS4A-2023-Implementation-Grant-Award-Fact-Sheets.pdf saved
2024-03-22 22:3042: INFO: grey_lit_search.google: Found 2 results, processing now
2024-03-22 22:3042: INFO: grey_lit_search.utils: attempting to download Safe street for all 2023/ReVISIONing Indian School Road/Benefits/SS4A-2023-Implementation-Grant-Award-Fact-Sheets.pdf
2024-03-22 22:3044: INFO: grey_lit_search.utils:     Safe street for all 2023/ReVISIONing Indian School Road/Benefits/SS4A-2023-Implementation-Grant-Award-Fact-Sheets.pdf saved
2024-03-22 22:3044: INFO: grey_lit_search.utils: saving link to Safe street for all 2023/ReVISIONing Indian School Road/Benefits/001/website_link.txt
2024-03-22 22:3045: INFO: grey_lit_search.google: Found 1 results, processing now
2024-03-22 22:3045: INFO: grey_lit_search.utils: attempting to download Safe street for all 2023/ReVISIONing Indian School Road/Map/SS4A-2023-Implementation-Grant-Award-Fact-Sheets.pdf
2024-03-22 22:3046: INFO: grey_lit_search.utils:     Safe street for all 2023/ReVISIONing Indian School Road/Map/SS4A-2023-Implementation-Grant-Award-Fact-Sheets.pdf saved
2024-03-22 22:3047: INFO: grey_lit_search.google: Found 1 results, processing now
2024-03-22 22:3047: INFO: grey_lit_search.utils: attempting to download Safe street for all 2023/ReVISIONing Indian School Road/Project Map/SS4A-2023-Implementation-Grant-Award-Fact-Sheets.pdf
2024-03-22 22:3048: INFO: grey_lit_search.utils:     Safe street for all 2023/ReVISIONing Indian School Road/Project Map/SS4A-2023-Implementation-Grant-Award-Fact-Sheets.pdf saved
2024-03-22 22:3049: INFO: grey_lit_search.google: Found 2 results, processing now
2024-03-22 22:3049: INFO: grey_lit_search.utils: attempting to download Safe street for all 2023/ReVISIONing Indian School Road/Action Plan/SS4A-2023-Implementation-Grant-Award-Fact-Sheets.pdf
2024-03-22 22:3051: INFO: grey_lit_search.utils:     Safe street for all 2023/ReVISIONing Indian School Road/Action Plan/SS4A-2023-Implementation-Grant-Award-Fact-Sheets.pdf saved
2024-03-22 22:3051: INFO: grey_lit_search.utils: saving link to Safe street for all 2023/ReVISIONing Indian School Road/Action Plan/001/website_link.txt
2024-03-22 22:3052: INFO: grey_lit_search.google: Found 2 results, processing now
2024-03-22 22:3052: INFO: grey_lit_search.utils: attempting to download Safe street for all 2023/ReVISIONing Indian School Road/Safety Action Plan/SS4A-2023-Implementation-Grant-Award-Fact-Sheets.pdf
2024-03-22 22:3053: INFO: grey_lit_search.utils:     Safe street for all 2023/ReVISIONing Indian School Road/Safety Action Plan/SS4A-2023-Implementation-Grant-Award-Fact-Sheets.pdf saved
2024-03-22 22:3053: INFO: grey_lit_search.utils: saving link to Safe street for all 2023/ReVISIONing Indian School Road/Safety Action Plan/001/website_link.txt
2024-03-22 22:3319: INFO: grey_lit_search.google: Found 4 results, processing now
2024-03-22 22:3319: INFO: grey_lit_search.utils: attempting to download Safe street for all 2023/ReVISIONing Indian School Road/Narrative/Z-56-22%20Staff%20Report.pdf
2024-03-22 22:3323: INFO: grey_lit_search.utils:     Safe street for all 2023/ReVISIONing Indian School Road/Narrative/Z-56-22%20Staff%20Report.pdf saved
2024-03-22 22:3323: INFO: grey_lit_search.utils: attempting to download Safe street for all 2023/ReVISIONing Indian School Road/Narrative/Safety%20Compass%20Summer%202023%20Volume%2017%2C%20Issue%202.pdf
2024-03-22 22:3324: INFO: grey_lit_search.utils:     Safe street for all 2023/ReVISIONing Indian School Road/Narrative/Safety%20Compass%20Summer%202023%20Volume%2017%2C%20Issue%202.pdf saved
2024-03-22 22:3324: INFO: grey_lit_search.utils: attempting to download Safe street for all 2023/ReVISIONing Indian School Road/Narrative/Staff%20Report%20PHO-1-23--Z-9-19.pdf
2024-03-22 22:3354: INFO: grey_lit_search.utils:     Safe street for all 2023/ReVISIONing Indian School Road/Narrative/Staff%20Report%20PHO-1-23--Z-9-19.pdf saved
2024-03-22 22:3354: INFO: grey_lit_search.utils: attempting to download Safe street for all 2023/ReVISIONing Indian School Road/Narrative/RFP-2023-342-SS4A-Safety-Action-Plan.pdf
2024-03-22 22:3355: INFO: grey_lit_search.utils:     Safe street for all 2023/ReVISIONing Indian School Road/Narrative/RFP-2023-342-SS4A-Safety-Action-Plan.pdf saved
2024-03-22 22:3356: INFO: grey_lit_search.google: Found 4 results, processing now
2024-03-22 22:3356: INFO: grey_lit_search.utils: attempting to download Safe street for all 2023/ReVISIONing Indian School Road/Project Description/SS4A-2023-Implementation-Grant-Award-Fact-Sheets.pdf
2024-03-22 22:3358: INFO: grey_lit_search.utils:     Safe street for all 2023/ReVISIONing Indian School Road/Project Description/SS4A-2023-Implementation-Grant-Award-Fact-Sheets.pdf saved
2024-03-22 22:3358: INFO: grey_lit_search.utils: saving link to Safe street for all 2023/ReVISIONing Indian School Road/Project Description/001/website_link.txt
2024-03-22 22:3358: INFO: grey_lit_search.utils: attempting to download Safe street for all 2023/ReVISIONing Indian School Road/Project Description/Safety%20Compass%20Summer%202023%20Volume%2017%2C%20Issue%202.pdf
2024-03-22 22:3358: INFO: grey_lit_search.utils:     Safe street for all 2023/ReVISIONing Indian School Road/Project Description/Safety%20Compass%20Summer%202023%20Volume%2017%2C%20Issue%202.pdf saved
2024-03-22 22:3358: INFO: grey_lit_search.utils: attempting to download Safe street for all 2023/ReVISIONing Indian School Road/Project Description/Z-56-22%20Staff%20Report.pdf
2024-03-22 22:3402: INFO: grey_lit_search.utils:     Safe street for all 2023/ReVISIONing Indian School Road/Project Description/Z-56-22%20Staff%20Report.pdf saved
2024-03-22 22:3403: INFO: grey_lit_search.google: Found 5 results, processing now
2024-03-22 22:3403: INFO: grey_lit_search.utils: attempting to download Safe street for all 2023/ReVISIONing Indian School Road/Letter of Support/RFP-2023-342-SS4A-Safety-Action-Plan.pdf
2024-03-22 22:3403: INFO: grey_lit_search.utils:     Safe street for all 2023/ReVISIONing Indian School Road/Letter of Support/RFP-2023-342-SS4A-Safety-Action-Plan.pdf saved
2024-03-22 22:3403: INFO: grey_lit_search.utils: attempting to download Safe street for all 2023/ReVISIONing Indian School Road/Letter of Support/fy-2023-tiss-nofo.pdf
2024-03-22 22:3404: INFO: grey_lit_search.utils:     Safe street for all 2023/ReVISIONing Indian School Road/Letter of Support/fy-2023-tiss-nofo.pdf saved
2024-03-22 22:3404: INFO: grey_lit_search.utils: attempting to download Safe street for all 2023/ReVISIONing Indian School Road/Letter of Support/Staff%20Report%20PHO-1-23--Z-9-19.pdf
2024-03-22 22:3440: INFO: grey_lit_search.utils:     Safe street for all 2023/ReVISIONing Indian School Road/Letter of Support/Staff%20Report%20PHO-1-23--Z-9-19.pdf saved
2024-03-22 22:3440: INFO: grey_lit_search.utils: attempting to download Safe street for all 2023/ReVISIONing Indian School Road/Letter of Support/S165A230008-San-Diego-Unified-School-District-nar.pdf
2024-03-22 22:3517: INFO: grey_lit_search.utils:     Safe street for all 2023/ReVISIONing Indian School Road/Letter of Support/S165A230008-San-Diego-Unified-School-District-nar.pdf saved
2024-03-22 22:3517: INFO: grey_lit_search.utils: attempting to download Safe street for all 2023/ReVISIONing Indian School Road/Letter of Support/PLAW-117publ58.pdf
2024-03-22 22:3518: INFO: grey_lit_search.utils:     Safe street for all 2023/ReVISIONing Indian School Road/Letter of Support/PLAW-117publ58.pdf saved
2024-03-22 22:3519: INFO: grey_lit_search.google: Found 4 results, processing now
2024-03-22 22:3519: INFO: grey_lit_search.utils: attempting to download Safe street for all 2023/ReVISIONing Indian School Road/Budget/SS4A-2023-Implementation-Grant-Award-Fact-Sheets.pdf
2024-03-22 22:3520: INFO: grey_lit_search.utils:     Safe street for all 2023/ReVISIONing Indian School Road/Budget/SS4A-2023-Implementation-Grant-Award-Fact-Sheets.pdf saved
2024-03-22 22:3520: INFO: grey_lit_search.utils: attempting to download Safe street for all 2023/ReVISIONing Indian School Road/Budget/2024-25_Trial_Budget.pdf
2024-03-22 22:3522: INFO: grey_lit_search.utils:     Safe street for all 2023/ReVISIONing Indian School Road/Budget/2024-25_Trial_Budget.pdf saved
2024-03-22 22:3522: INFO: grey_lit_search.utils: saving link to Safe street for all 2023/ReVISIONing Indian School Road/Budget/002/website_link.txt
2024-03-22 22:3522: INFO: grey_lit_search.utils: attempting to download Safe street for all 2023/ReVISIONing Indian School Road/Budget/fy2023-bie-greenbook.pdf
2024-03-22 22:3523: INFO: grey_lit_search.utils:     Safe street for all 2023/ReVISIONing Indian School Road/Budget/fy2023-bie-greenbook.pdf saved
2024-03-22 22:3524: INFO: grey_lit_search.google: Found 4 results, processing now
2024-03-22 22:3524: INFO: grey_lit_search.utils: attempting to download Safe street for all 2023/ReVISIONing Indian School Road/Benefits/SS4A-2023-Implementation-Grant-Award-Fact-Sheets.pdf
2024-03-22 22:3526: INFO: grey_lit_search.utils:     Safe street for all 2023/ReVISIONing Indian School Road/Benefits/SS4A-2023-Implementation-Grant-Award-Fact-Sheets.pdf saved
2024-03-22 22:3526: INFO: grey_lit_search.utils: saving link to Safe street for all 2023/ReVISIONing Indian School Road/Benefits/001/website_link.txt
2024-03-22 22:3526: INFO: grey_lit_search.utils: attempting to download Safe street for all 2023/ReVISIONing Indian School Road/Benefits/Safety%20Compass%20Summer%202023%20Volume%2017%2C%20Issue%202.pdf
2024-03-22 22:3527: INFO: grey_lit_search.utils:     Safe street for all 2023/ReVISIONing Indian School Road/Benefits/Safety%20Compass%20Summer%202023%20Volume%2017%2C%20Issue%202.pdf saved
2024-03-22 22:3527: INFO: grey_lit_search.utils: attempting to download Safe street for all 2023/ReVISIONing Indian School Road/Benefits/TransportationSafetyPlan_20230831.pdf
2024-03-22 22:3529: INFO: grey_lit_search.utils:     Safe street for all 2023/ReVISIONing Indian School Road/Benefits/TransportationSafetyPlan_20230831.pdf saved
2024-03-22 22:3530: INFO: grey_lit_search.google: Found 4 results, processing now
2024-03-22 22:3530: INFO: grey_lit_search.utils: attempting to download Safe street for all 2023/ReVISIONing Indian School Road/Map/SS4A-2023-Implementation-Grant-Award-Fact-Sheets.pdf
2024-03-22 22:3532: INFO: grey_lit_search.utils:     Safe street for all 2023/ReVISIONing Indian School Road/Map/SS4A-2023-Implementation-Grant-Award-Fact-Sheets.pdf saved
2024-03-22 22:3532: INFO: grey_lit_search.utils: attempting to download Safe street for all 2023/ReVISIONing Indian School Road/Map/PHO-1-23--Z-9-19-4%20%281%29.pdf
2024-03-22 22:3631: INFO: grey_lit_search.utils:     Safe street for all 2023/ReVISIONing Indian School Road/Map/PHO-1-23--Z-9-19-4%20%281%29.pdf saved
2024-03-22 22:3631: INFO: grey_lit_search.utils: attempting to download Safe street for all 2023/ReVISIONing Indian School Road/Map/Z-56-22%20Staff%20Report.pdf
2024-03-22 22:3634: INFO: grey_lit_search.utils:     Safe street for all 2023/ReVISIONing Indian School Road/Map/Z-56-22%20Staff%20Report.pdf saved
2024-03-22 22:3634: INFO: grey_lit_search.utils: saving link to Safe street for all 2023/ReVISIONing Indian School Road/Map/003/website_link.txt
2024-03-22 22:3635: INFO: grey_lit_search.google: Found 4 results, processing now
2024-03-22 22:3635: INFO: grey_lit_search.utils: attempting to download Safe street for all 2023/ReVISIONing Indian School Road/Project Map/SS4A-2023-Implementation-Grant-Award-Fact-Sheets.pdf
2024-03-22 22:3637: INFO: grey_lit_search.utils:     Safe street for all 2023/ReVISIONing Indian School Road/Project Map/SS4A-2023-Implementation-Grant-Award-Fact-Sheets.pdf saved
2024-03-22 22:3637: INFO: grey_lit_search.utils: attempting to download Safe street for all 2023/ReVISIONing Indian School Road/Project Map/TransportationSafetyPlan_20230831.pdf
2024-03-22 22:3639: INFO: grey_lit_search.utils:     Safe street for all 2023/ReVISIONing Indian School Road/Project Map/TransportationSafetyPlan_20230831.pdf saved
2024-03-22 22:3639: INFO: grey_lit_search.utils: attempting to download Safe street for all 2023/ReVISIONing Indian School Road/Project Map/Z-56-22%20Staff%20Report.pdf
2024-03-22 22:3646: INFO: grey_lit_search.utils:     Safe street for all 2023/ReVISIONing Indian School Road/Project Map/Z-56-22%20Staff%20Report.pdf saved
2024-03-22 22:3646: INFO: grey_lit_search.utils: attempting to download Safe street for all 2023/ReVISIONing Indian School Road/Project Map/fhwasa23001_508.pdf
2024-03-22 22:3648: INFO: grey_lit_search.utils:     Safe street for all 2023/ReVISIONing Indian School Road/Project Map/fhwasa23001_508.pdf saved
2024-03-22 22:3649: INFO: grey_lit_search.google: Found 4 results, processing now
2024-03-22 22:3649: INFO: grey_lit_search.utils: attempting to download Safe street for all 2023/ReVISIONing Indian School Road/Action Plan/SS4A-2023-Implementation-Grant-Award-Fact-Sheets.pdf
2024-03-22 22:3651: INFO: grey_lit_search.utils:     Safe street for all 2023/ReVISIONing Indian School Road/Action Plan/SS4A-2023-Implementation-Grant-Award-Fact-Sheets.pdf saved
2024-03-22 22:3651: INFO: grey_lit_search.utils: saving link to Safe street for all 2023/ReVISIONing Indian School Road/Action Plan/001/website_link.txt
2024-03-22 22:3651: INFO: grey_lit_search.utils: attempting to download Safe street for all 2023/ReVISIONing Indian School Road/Action Plan/Safety%20Compass%20Summer%202023%20Volume%2017%2C%20Issue%202.pdf
2024-03-22 22:3651: INFO: grey_lit_search.utils:     Safe street for all 2023/ReVISIONing Indian School Road/Action Plan/Safety%20Compass%20Summer%202023%20Volume%2017%2C%20Issue%202.pdf saved
2024-03-22 22:3651: INFO: grey_lit_search.utils: attempting to download Safe street for all 2023/ReVISIONing Indian School Road/Action Plan/SHSP2021-25_compressed.pdf
2024-03-22 22:3703: INFO: grey_lit_search.utils:     Safe street for all 2023/ReVISIONing Indian School Road/Action Plan/SHSP2021-25_compressed.pdf saved
2024-03-22 22:3704: INFO: grey_lit_search.google: Found 4 results, processing now
2024-03-22 22:3704: INFO: grey_lit_search.utils: attempting to download Safe street for all 2023/ReVISIONing Indian School Road/Safety Action Plan/SS4A-2023-Implementation-Grant-Award-Fact-Sheets.pdf
2024-03-22 22:3706: INFO: grey_lit_search.utils:     Safe street for all 2023/ReVISIONing Indian School Road/Safety Action Plan/SS4A-2023-Implementation-Grant-Award-Fact-Sheets.pdf saved
2024-03-22 22:3706: INFO: grey_lit_search.utils: saving link to Safe street for all 2023/ReVISIONing Indian School Road/Safety Action Plan/001/website_link.txt
2024-03-22 22:3706: INFO: grey_lit_search.utils: attempting to download Safe street for all 2023/ReVISIONing Indian School Road/Safety Action Plan/TransportationSafetyPlan_20230831.pdf
2024-03-22 22:3708: INFO: grey_lit_search.utils:     Safe street for all 2023/ReVISIONing Indian School Road/Safety Action Plan/TransportationSafetyPlan_20230831.pdf saved
2024-03-22 22:3708: INFO: grey_lit_search.utils: attempting to download Safe street for all 2023/ReVISIONing Indian School Road/Safety Action Plan/Safety%20Compass%20Summer%202023%20Volume%2017%2C%20Issue%202.pdf
2024-03-22 22:3709: INFO: grey_lit_search.utils:     Safe street for all 2023/ReVISIONing Indian School Road/Safety Action Plan/Safety%20Compass%20Summer%202023%20Volume%2017%2C%20Issue%202.pdf saved
